#
# There is insufficient memory for the Java Runtime Environment to continue.
# Native memory allocation (mmap) failed to map 402653184 bytes for Failed to commit area from 0x0000000681600000 to 0x0000000699600000 of length 402653184.
# Possible reasons:
#   The system is out of physical RAM or swap space
#   The process is running with CompressedOops enabled, and the Java Heap may be blocking the growth of the native heap
# Possible solutions:
#   Reduce memory load on the system
#   Increase physical memory or swap space
#   Check if swap backing store is full
#   Decrease Java heap size (-Xmx/-Xms)
#   Decrease number of Java threads
#   Decrease Java thread stack sizes (-Xss)
#   Set larger code cache with -XX:ReservedCodeCacheSize=
# This output file may be truncated or incomplete.
#
#  Out of Memory Error (./src/hotspot/os/windows/os_windows.cpp:3387), pid=32556, tid=7640
#
# JRE version:  (11.0.14.1+1) (build )
# Java VM: OpenJDK 64-Bit Server VM (11.0.14.1+1, mixed mode, sharing, tiered, compressed oops, g1 gc, windows-amd64)
# No core dump will be written. Minidumps are not enabled by default on client versions of Windows
#

---------------  S U M M A R Y ------------

Command Line: 

Host: Intel(R) Core(TM) i7-8700K CPU @ 3.70GHz, 12 cores, 23G,  Windows 11 , 64 bit Build 22621 (10.0.22621.4391)
Time: Mon Oct 28 01:42:22 2024 India Standard Time elapsed time: 0.011063 seconds (0d 0h 0m 0s)

---------------  T H R E A D  ---------------

Current thread (0x000001b7efc0f000):  JavaThread "Unknown thread" [_thread_in_vm, id=7640, stack(0x0000008733200000,0x0000008733300000)]

Stack: [0x0000008733200000,0x0000008733300000]
Native frames: (J=compiled Java code, j=interpreted, Vv=VM code, C=native code)
V  [jvm.dll+0x61e59a]
V  [jvm.dll+0x7aaca9]
V  [jvm.dll+0x7ac398]
V  [jvm.dll+0x7aca73]
V  [jvm.dll+0x24f9b8]
V  [jvm.dll+0x61b83a]
V  [jvm.dll+0x6100c5]
V  [jvm.dll+0x30772c]
V  [jvm.dll+0x3075b2]
V  [jvm.dll+0x30c2d6]
V  [jvm.dll+0x35272f]
V  [jvm.dll+0x352160]
V  [jvm.dll+0x2e4728]
V  [jvm.dll+0x2e5886]
V  [jvm.dll+0x784b07]
V  [jvm.dll+0x78628f]
V  [jvm.dll+0x35f479]
V  [jvm.dll+0x767aa0]
V  [jvm.dll+0x3ccf1f]
V  [jvm.dll+0x3cf2b1]
C  [jli.dll+0x5207]
C  [ucrtbase.dll+0x29333]
C  [KERNEL32.DLL+0x1259d]
C  [ntdll.dll+0x5af38]


---------------  P R O C E S S  ---------------

Threads class SMR info:
_java_thread_list=0x000001b7eda68900, length=0, elements={
}

Java Threads: ( => current thread )

Other Threads:
  0x000001b7efc29000 GCTaskThread "GC Thread#0" [stack: 0x0000008733300000,0x0000008733400000] [id=33472]
  0x000001b7efcb4000 ConcurrentGCThread "G1 Main Marker" [stack: 0x0000008733400000,0x0000008733500000] [id=37292]
  0x000001b7efcb5800 ConcurrentGCThread "G1 Conc#0" [stack: 0x0000008733500000,0x0000008733600000] [id=11660]

[error occurred during error reporting (printing all threads), id 0xc0000005, EXCEPTION_ACCESS_VIOLATION (0xc0000005) at pc=0x00007ffa59093ef7]

VM state:not at safepoint (not fully initialized)

VM Mutex/Monitor currently owned by a thread:  ([mutex/lock_event])
[0x000001b7efc0ad80] Heap_lock - owner thread: 0x000001b7efc0f000

Heap address: 0x0000000681600000, size: 6122 MB, Compressed Oops mode: Non-zero based: 0x0000000681600000
Narrow klass base: 0x0000000000000000, Narrow klass shift: 0

GC Heap History (0 events):
No events

Deoptimization events (0 events):
No events

Classes redefined (0 events):
No events

Internal exceptions (0 events):
No events

Events (1 events):
Event: 0.007 Loaded shared library C:\Program Files\Unity\Hub\Editor\2022.3.44f1-x86_64\Editor\Data\PlaybackEngines\AndroidPlayer\OpenJDK\bin\zip.dll


Dynamic libraries:
0x00007ff643fa0000 - 0x00007ff643fad000 	C:\Program Files\Unity\Hub\Editor\2022.3.44f1-x86_64\Editor\Data\PlaybackEngines\AndroidPlayer\OpenJDK\bin\java.exe
0x00007ffaa56b0000 - 0x00007ffaa58c7000 	C:\Windows\SYSTEM32\ntdll.dll
0x00007ffaa3e20000 - 0x00007ffaa3ee4000 	C:\Windows\System32\KERNEL32.DLL
0x00007ffaa2b40000 - 0x00007ffaa2ef9000 	C:\Windows\System32\KERNELBASE.dll
0x00007ffaa3070000 - 0x00007ffaa3181000 	C:\Windows\System32\ucrtbase.dll
0x00007ffa83600000 - 0x00007ffa83615000 	C:\Program Files\Unity\Hub\Editor\2022.3.44f1-x86_64\Editor\Data\PlaybackEngines\AndroidPlayer\OpenJDK\bin\VCRUNTIME140.dll
0x00007ffa80920000 - 0x00007ffa80937000 	C:\Program Files\Unity\Hub\Editor\2022.3.44f1-x86_64\Editor\Data\PlaybackEngines\AndroidPlayer\OpenJDK\bin\jli.dll
0x00007ffaa4ec0000 - 0x00007ffaa506e000 	C:\Windows\System32\USER32.dll
0x00007ffa952a0000 - 0x00007ffa95532000 	C:\Windows\WinSxS\amd64_microsoft.windows.common-controls_6595b64144ccf1df_6.0.22621.4391_none_2715d37f73803e96\COMCTL32.dll
0x00007ffaa33a0000 - 0x00007ffaa33c6000 	C:\Windows\System32\win32u.dll
0x00007ffaa3d70000 - 0x00007ffaa3e17000 	C:\Windows\System32\msvcrt.dll
0x00007ffaa3420000 - 0x00007ffaa3449000 	C:\Windows\System32\GDI32.dll
0x00007ffaa3200000 - 0x00007ffaa331b000 	C:\Windows\System32\gdi32full.dll
0x00007ffaa29b0000 - 0x00007ffaa2a4a000 	C:\Windows\System32\msvcp_win.dll
0x00007ffaa5580000 - 0x00007ffaa55b1000 	C:\Windows\System32\IMM32.DLL
0x00007ffa6d780000 - 0x00007ffa6d81b000 	C:\Program Files\Unity\Hub\Editor\2022.3.44f1-x86_64\Editor\Data\PlaybackEngines\AndroidPlayer\OpenJDK\bin\msvcp140.dll
0x00007ffa58da0000 - 0x00007ffa59921000 	C:\Program Files\Unity\Hub\Editor\2022.3.44f1-x86_64\Editor\Data\PlaybackEngines\AndroidPlayer\OpenJDK\bin\server\jvm.dll
0x00007ffaa4dd0000 - 0x00007ffaa4e82000 	C:\Windows\System32\ADVAPI32.dll
0x00007ffaa5370000 - 0x00007ffaa5417000 	C:\Windows\System32\sechost.dll
0x00007ffaa2a50000 - 0x00007ffaa2a78000 	C:\Windows\System32\bcrypt.dll
0x00007ffaa5170000 - 0x00007ffaa5284000 	C:\Windows\System32\RPCRT4.dll
0x00007ffaa5420000 - 0x00007ffaa5428000 	C:\Windows\System32\PSAPI.DLL
0x00007ffa9fbb0000 - 0x00007ffa9fbb9000 	C:\Windows\SYSTEM32\WSOCK32.dll
0x00007ffa9d270000 - 0x00007ffa9d2a4000 	C:\Windows\SYSTEM32\WINMM.dll
0x00007ffa9c360000 - 0x00007ffa9c36a000 	C:\Windows\SYSTEM32\VERSION.dll
0x00007ffaa3cf0000 - 0x00007ffaa3d61000 	C:\Windows\System32\WS2_32.dll
0x00007ffaa1ae0000 - 0x00007ffaa1af8000 	C:\Windows\SYSTEM32\kernel.appcore.dll
0x00007ffa83b90000 - 0x00007ffa83ba0000 	C:\Program Files\Unity\Hub\Editor\2022.3.44f1-x86_64\Editor\Data\PlaybackEngines\AndroidPlayer\OpenJDK\bin\verify.dll
0x00007ffa918c0000 - 0x00007ffa91af2000 	C:\Windows\SYSTEM32\DBGHELP.DLL
0x00007ffaa3960000 - 0x00007ffaa3cef000 	C:\Windows\System32\combase.dll
0x00007ffaa5290000 - 0x00007ffaa5367000 	C:\Windows\System32\OLEAUT32.dll
0x00007ffa82fe0000 - 0x00007ffa83012000 	C:\Windows\SYSTEM32\dbgcore.DLL
0x00007ffaa3320000 - 0x00007ffaa339b000 	C:\Windows\System32\bcryptPrimitives.dll
0x00007ffa77290000 - 0x00007ffa772b8000 	C:\Program Files\Unity\Hub\Editor\2022.3.44f1-x86_64\Editor\Data\PlaybackEngines\AndroidPlayer\OpenJDK\bin\java.dll
0x00007ffa835f0000 - 0x00007ffa835fa000 	C:\Program Files\Unity\Hub\Editor\2022.3.44f1-x86_64\Editor\Data\PlaybackEngines\AndroidPlayer\OpenJDK\bin\jimage.dll
0x00007ffa80870000 - 0x00007ffa80888000 	C:\Program Files\Unity\Hub\Editor\2022.3.44f1-x86_64\Editor\Data\PlaybackEngines\AndroidPlayer\OpenJDK\bin\zip.dll

dbghelp: loaded successfully - version: 4.0.5 - missing functions: none
symbol engine: initialized successfully - sym options: 0x614 - pdb path: .;C:\Program Files\Unity\Hub\Editor\2022.3.44f1-x86_64\Editor\Data\PlaybackEngines\AndroidPlayer\OpenJDK\bin;C:\Windows\SYSTEM32;C:\Windows\WinSxS\amd64_microsoft.windows.common-controls_6595b64144ccf1df_6.0.22621.4391_none_2715d37f73803e96;C:\Program Files\Unity\Hub\Editor\2022.3.44f1-x86_64\Editor\Data\PlaybackEngines\AndroidPlayer\OpenJDK\bin\server

VM Arguments:
java_command: <unknown>
java_class_path (initial): <not set>
Launcher Type: SUN_STANDARD

[Global flags]
     intx CICompilerCount                          = 4                                         {product} {ergonomic}
     uint ConcGCThreads                            = 3                                         {product} {ergonomic}
     uint G1ConcRefinementThreads                  = 10                                        {product} {ergonomic}
   size_t G1HeapRegionSize                         = 1048576                                   {product} {ergonomic}
    uintx GCDrainStackTargetSize                   = 64                                        {product} {ergonomic}
   size_t InitialHeapSize                          = 402653184                                 {product} {ergonomic}
   size_t MarkStackSize                            = 4194304                                   {product} {ergonomic}
   size_t MaxHeapSize                              = 6419382272                                {product} {ergonomic}
   size_t MinHeapDeltaBytes                        = 1048576                                   {product} {ergonomic}
    uintx NonNMethodCodeHeapSize                   = 5836300                                {pd product} {ergonomic}
    uintx NonProfiledCodeHeapSize                  = 122910970                              {pd product} {ergonomic}
    uintx ProfiledCodeHeapSize                     = 122910970                              {pd product} {ergonomic}
    uintx ReservedCodeCacheSize                    = 251658240                              {pd product} {ergonomic}
     bool SegmentedCodeCache                       = true                                      {product} {ergonomic}
     bool UseCompressedClassPointers               = true                                 {lp64_product} {ergonomic}
     bool UseCompressedOops                        = true                                 {lp64_product} {ergonomic}
     bool UseG1GC                                  = true                                      {product} {ergonomic}
     bool UseLargePagesIndividualAllocation        = false                                  {pd product} {ergonomic}

Logging:
Log output configuration:
 #0: stdout all=warning uptime,level,tags
 #1: stderr all=off uptime,level,tags

Environment Variables:
JAVA_HOME=C:\Program Files\Unity\Hub\Editor\2022.3.44f1-x86_64\Editor\Data\PlaybackEngines\AndroidPlayer\OpenJDK
PATH=C:\VulkanSDK\1.3.261.1\Bin;A:\Oculus\Support\oculus-runtime;C:\Program Files\Microsoft\jdk-11.0.16.101-hotspot\bin;C:\WINDOWS\system32;C:\WINDOWS;C:\WINDOWS\System32\Wbem;C:\WINDOWS\System32\WindowsPowerShell\v1.0\;C:\WINDOWS\System32\OpenSSH\;C:\Program Files\Git\cmd;C:\Program Files\NVIDIA Corporation\NVIDIA NvDLISR;C:\Program Files (x86)\NVIDIA Corporation\PhysX\Common;C:\Program Files\Microsoft SQL Server\150\Tools\Binn\;C:\Program Files\Git LFS;C:\Program Files\Unity\Hub\Editor\2021.3.19f1\Editor\Data\PlaybackEngines\AndroidPlayer\SDK\platform-tools;C:\Windows\system32;C:\Windows;C:\Windows\System32\Wbem;C:\Windows\System32\WindowsPowerShell\v1.0\;C:\Windows\System32\OpenSSH\;C:\Program Files\dotnet\;C:\Program Files\OpenSSL-Win64\bin;C:\Program Files (x86)\Windows Kits\10\Windows Performance Toolkit\;C:\Users\yskha\AppData\Local\Microsoft\WindowsApps;C:\Users\yskha\AppData\Local\GitHubDesktop\bin;C:\Users\yskha\.dotnet\tools;
USERNAME=yskha
OS=Windows_NT
PROCESSOR_IDENTIFIER=Intel64 Family 6 Model 158 Stepping 10, GenuineIntel



---------------  S Y S T E M  ---------------

OS: Windows 11 , 64 bit Build 22621 (10.0.22621.4391)
OS uptime: 0 days 3:56 hours

CPU:total 12 (initial active 12) (6 cores per cpu, 2 threads per core) family 6 model 158 stepping 10 microcode 0xde, cmov, cx8, fxsr, mmx, sse, sse2, sse3, ssse3, sse4.1, sse4.2, popcnt, avx, avx2, aes, clmul, erms, rtm, 3dnowpref, lzcnt, ht, tsc, tscinvbit, bmi1, bmi2, adx, fma

Memory: 4k page, system-wide physical 24487M (386M free)
TotalPageFile size 61143M (AvailPageFile size 135M)
current process WorkingSet (physical memory assigned to process): 11M, peak: 11M
current process commit charge ("private bytes"): 65M, peak: 449M

vm_info: OpenJDK 64-Bit Server VM (11.0.14.1+1) for windows-amd64 JRE (11.0.14.1+1), built on Feb  9 2022 01:48:27 by "" with unknown MS VC++:1916

END.
